This is pdfTeX, Version 3.1415926-2.5-1.40.14 (TeX Live 2013/Debian) (format=pdflatex 2015.1.26)  3 FEB 2015 16:21
entering extended mode
 restricted \write18 enabled.
 %&-line parsing enabled.
**MCrawley_Dissertation_rev0.tex
(./MCrawley_Dissertation_rev0.tex
LaTeX2e <2011/06/27>
Babel <3.9h> and hyphenation patterns for 78 languages loaded.
(./osudissert96.cls
Document Class: osudissert96 1998/11/02 1996 OSU Thesis/Dissertation Class
*** Originally based on the 1996 Graduate School Format ***
Version 1.2 of osudissert96.cls (1998/11/02)
(/usr/share/texlive/texmf-dist/tex/latex/base/report.cls
Document Class: report 2007/10/19 v1.4h Standard LaTeX document class
(/usr/share/texlive/texmf-dist/tex/latex/base/size12.clo
File: size12.clo 2007/10/19 v1.4h Standard LaTeX file (size option)
)
\c@part=\count79
\c@chapter=\count80
\c@section=\count81
\c@subsection=\count82
\c@subsubsection=\count83
\c@paragraph=\count84
\c@subparagraph=\count85
\c@figure=\count86
\c@table=\count87
\abovecaptionskip=\skip41
\belowcaptionskip=\skip42
\bibindent=\dimen102
)
(./osudissert96-mods.sty
Version 1.5 of osudissert96-mods.sty (1998/11/02)
\singlespacelength=\skip43
\doublespacelength=\skip44
\triplespacelength=\skip45
\c@disspage=\count88
)) (/usr/share/texlive/texmf-dist/tex/latex/natbib/natbib.sty
Package: natbib 2010/09/13 8.31b (PWD, AO)
\bibhang=\skip46
\bibsep=\skip47
LaTeX Info: Redefining \cite on input line 694.
\c@NAT@ctr=\count89
)
(./MCrawley_Dissertation_rev0.aux (./ack.aux) (./vita.aux)
(./ch_introduction.aux) (./ch_background.aux) (./ch_methodology.aux))
\openout1 = `MCrawley_Dissertation_rev0.aux'.

LaTeX Font Info:    Checking defaults for OML/cmm/m/it on input line 40.
LaTeX Font Info:    ... okay on input line 40.
LaTeX Font Info:    Checking defaults for T1/cmr/m/n on input line 40.
LaTeX Font Info:    ... okay on input line 40.
LaTeX Font Info:    Checking defaults for OT1/cmr/m/n on input line 40.
LaTeX Font Info:    ... okay on input line 40.
LaTeX Font Info:    Checking defaults for OMS/cmsy/m/n on input line 40.
LaTeX Font Info:    ... okay on input line 40.
LaTeX Font Info:    Checking defaults for OMX/cmex/m/n on input line 40.
LaTeX Font Info:    ... okay on input line 40.
LaTeX Font Info:    Checking defaults for U/cmr/m/n on input line 40.
LaTeX Font Info:    ... okay on input line 40.
LaTeX Font Info:    External font `cmex10' loaded for size
(Font)              <14.4> on input line 61.
LaTeX Font Info:    External font `cmex10' loaded for size
(Font)              <7> on input line 61.
 [1


{/var/lib/texmf/fonts/map/pdftex/updmap/pdftex.map}]
LaTeX Font Info:    Try loading font information for OMS+cmr on input line 62.

(/usr/share/texlive/texmf-dist/tex/latex/base/omscmr.fd
File: omscmr.fd 1999/05/25 v2.5h Standard LaTeX font definitions
)
LaTeX Font Info:    Font shape `OMS/cmr/m/n' in size <12> not available
(Font)              Font shape `OMS/cmsy/m/n' tried instead on input line 62.
 [1

] (./abstract.tex)
[2

] [3

]
\openout2 = `ack.aux'.

 (./ack.tex) [4


]
\openout2 = `vita.aux'.

 (./vita.tex
LaTeX Font Info:    External font `cmex10' loaded for size
(Font)              <12> on input line 32.
LaTeX Font Info:    External font `cmex10' loaded for size
(Font)              <8> on input line 32.
LaTeX Font Info:    External font `cmex10' loaded for size
(Font)              <6> on input line 32.
 [5



]) [6] (./MCrawley_Dissertation_rev0.toc)
\tf@toc=\write3
\openout3 = `MCrawley_Dissertation_rev0.toc'.

[7


] (./MCrawley_Dissertation_rev0.lot)
\tf@lot=\write4
\openout4 = `MCrawley_Dissertation_rev0.lot'.

 [8

] (./MCrawley_Dissertation_rev0.lof)
\tf@lof=\write5
\openout5 = `MCrawley_Dissertation_rev0.lof'.


[9

]
\openout2 = `ch_introduction.aux'.

 (./ch_introduction.tex
Chapter 1.
[1


]) [2]
\openout2 = `ch_background.aux'.

 (./ch_background.tex
Chapter 2.
) [3



]
\openout2 = `ch_methodology.aux'.

 (./ch_methodology.tex
Chapter 3.
) [4



] (./MCrawley_Dissertation_rev0.bbl
Missing character: There is no Ã in font cmr12!
Missing character: There is no © in font cmr12!
Missing character: There is no Ã in font cmr12!
Missing character: There is no © in font cmr12!
) [5


] (./MCrawley_Dissertation_rev0.aux
(./ack.aux) (./vita.aux) (./ch_introduction.aux) (./ch_background.aux)
(./ch_methodology.aux)) ) 
Here is how much of TeX's memory you used:
 833 strings out of 493304
 10167 string characters out of 6139871
 65184 words of memory out of 5000000
 4305 multiletter control sequences out of 15000+600000
 8549 words of font info for 30 fonts, out of 8000000 for 9000
 957 hyphenation exceptions out of 8191
 28i,6n,26p,354b,188s stack positions out of 5000i,500n,10000p,200000b,80000s
</usr/share/texlive/texmf-dist/fonts/type1/public/amsf
onts/cm/cmbx12.pfb></usr/share/texlive/texmf-dist/fonts/type1/public/amsfonts/c
m/cmmi8.pfb></usr/share/texlive/texmf-dist/fonts/type1/public/amsfonts/cm/cmr12
.pfb></usr/share/texlive/texmf-dist/fonts/type1/public/amsfonts/cm/cmr17.pfb></
usr/share/texlive/texmf-dist/fonts/type1/public/amsfonts/cm/cmsy10.pfb></usr/sh
are/texlive/texmf-dist/fonts/type1/public/amsfonts/cm/cmti12.pfb>
Output written on MCrawley_Dissertation_rev0.pdf (15 pages, 91333 bytes).
PDF statistics:
 77 PDF objects out of 1000 (max. 8388607)
 53 compressed objects within 1 object stream
 0 named destinations out of 1000 (max. 500000)
 1 words of extra memory for PDF output out of 10000 (max. 10000000)

