\BOOKMARK [0][-]{chapter*.1}{Abstract}{}% 1
\BOOKMARK [0][-]{section*.2}{Dedication}{}% 2
\BOOKMARK [0][-]{chapter*.3}{Acknowledgments}{}% 3
\BOOKMARK [0][-]{chapter*.4}{Vita}{}% 4
\BOOKMARK [0][-]{chapter*.6}{List of Tables}{}% 5
\BOOKMARK [0][-]{chapter*.7}{List of Figures}{}% 6
\BOOKMARK [0][-]{chapter.1}{Introduction}{}% 7
\BOOKMARK [1][-]{section.1.1}{Motivation}{chapter.1}% 8
\BOOKMARK [1][-]{section.1.2}{Background}{chapter.1}% 9
\BOOKMARK [2][-]{subsection.1.2.1}{Flow Control}{section.1.2}% 10
\BOOKMARK [2][-]{subsection.1.2.2}{Components of Jet Noise}{section.1.2}% 11
\BOOKMARK [2][-]{subsection.1.2.3}{Acoustic Source Models}{section.1.2}% 12
\BOOKMARK [0][-]{chapter.2}{Experimental Methodology}{}% 13
\BOOKMARK [1][-]{section.2.1}{Anechoic Chamber}{chapter.2}% 14
\BOOKMARK [1][-]{section.2.2}{Data Acquisition}{chapter.2}% 15
\BOOKMARK [2][-]{subsection.2.2.1}{Near- and Far-field Pressure}{section.2.2}% 16
\BOOKMARK [2][-]{subsection.2.2.2}{Particle Image Velocimetry}{section.2.2}% 17
\BOOKMARK [1][-]{section.2.3}{Localized Arc-Filament Plasma Actuators}{chapter.2}% 18
\BOOKMARK [0][-]{chapter.3}{Near-field Signature of Aeroacoustic Sources}{}% 19
\BOOKMARK [0][-]{chapter.4}{Stochastic Estimation of Time-resolved Velocity Fields}{}% 20
\BOOKMARK [0][-]{chapter.5}{Dilatation as the Aeroacoustic Acoustic Source}{}% 21
\BOOKMARK [0][-]{chapter.6}{Conclusions}{}% 22
